2024-04-18 02:56:03,112 INFO com.tt.BtvnBuoi25Application [restartedMain] Starting BtvnBuoi25Application using Java 17.0.9 with PID 18328 (D:\TB_36_37\btvn\btvn_buoi25\target\classes started by admin in D:\TB_36_37\btvn\btvn_buoi25)
2024-04-18 02:56:03,114 INFO com.tt.BtvnBuoi25Application [restartedMain] No active profile set, falling back to 1 default profile: "default"
2024-04-18 02:56:03,161 INFO org.springframework.boot.devtools.env.DevToolsPropertyDefaultsPostProcessor [restartedMain] Devtools property defaults active! Set 'spring.devtools.add-properties' to 'false' to disable
2024-04-18 02:56:03,161 INFO org.springframework.boot.devtools.env.DevToolsPropertyDefaultsPostProcessor [restartedMain] For additional web related logging consider setting the 'logging.level.web' property to 'DEBUG'
2024-04-18 02:56:03,804 INFO org.springframework.data.repository.config.RepositoryConfigurationDelegate [restartedMain] Bootstrapping Spring Data JPA repositories in DEFAULT mode.
2024-04-18 02:56:03,850 INFO org.springframework.data.repository.config.RepositoryConfigurationDelegate [restartedMain] Finished Spring Data repository scanning in 34 ms. Found 1 JPA repository interface.
2024-04-18 02:56:04,268 INFO org.springframework.boot.web.embedded.tomcat.TomcatWebServer [restartedMain] Tomcat initialized with port 8080 (http)
2024-04-18 02:56:04,275 INFO org.apache.catalina.core.StandardService [restartedMain] Starting service [Tomcat]
2024-04-18 02:56:04,276 INFO org.apache.catalina.core.StandardEngine [restartedMain] Starting Servlet engine: [Apache Tomcat/10.1.19]
2024-04-18 02:56:04,315 INFO org.apache.catalina.core.ContainerBase.[Tomcat].[localhost].[/] [restartedMain] Initializing Spring embedded WebApplicationContext
2024-04-18 02:56:04,315 INFO org.springframework.boot.web.servlet.context.ServletWebServerApplicationContext [restartedMain] Root WebApplicationContext: initialization completed in 1153 ms
2024-04-18 02:56:04,415 INFO org.hibernate.jpa.internal.util.LogHelper [restartedMain] HHH000204: Processing PersistenceUnitInfo [name: default]
2024-04-18 02:56:04,460 INFO org.hibernate.Version [restartedMain] HHH000412: Hibernate ORM core version 6.4.4.Final
2024-04-18 02:56:04,489 INFO org.hibernate.cache.internal.RegionFactoryInitiator [restartedMain] HHH000026: Second-level cache disabled
2024-04-18 02:56:04,622 INFO org.springframework.orm.jpa.persistenceunit.SpringPersistenceUnitInfo [restartedMain] No LoadTimeWeaver setup: ignoring JPA class transformer
2024-04-18 02:56:04,636 INFO com.zaxxer.hikari.HikariDataSource [restartedMain] HikariPool-1 - Starting...
2024-04-18 02:56:04,734 INFO com.zaxxer.hikari.pool.HikariPool [restartedMain] HikariPool-1 - Added connection com.mysql.cj.jdbc.ConnectionImpl@7e71b9e9
2024-04-18 02:56:04,736 INFO com.zaxxer.hikari.HikariDataSource [restartedMain] HikariPool-1 - Start completed.
2024-04-18 02:56:04,765 WARN org.hibernate.dialect.Dialect [restartedMain] HHH000511: The 5.5.0 version for [org.hibernate.dialect.MySQLDialect] is no longer supported, hence certain features may not work properly. The minimum supported version is 8.0.0. Check the community dialects project for available legacy versions.
2024-04-18 02:56:05,283 INFO org.hibernate.engine.transaction.jta.platform.internal.JtaPlatformInitiator [restartedMain] HHH000489: No JTA platform available (set 'hibernate.transaction.jta.platform' to enable JTA platform integration)
2024-04-18 02:56:05,361 INFO org.springframework.orm.jpa.LocalContainerEntityManagerFactoryBean [restartedMain] Initialized JPA EntityManagerFactory for persistence unit 'default'
2024-04-18 02:56:05,908 WARN org.springframework.boot.autoconfigure.orm.jpa.JpaBaseConfiguration$JpaWebConfiguration [restartedMain] spring.jpa.open-in-view is enabled by default. Therefore, database queries may be performed during view rendering. Explicitly configure spring.jpa.open-in-view to disable this warning
2024-04-18 02:56:06,612 INFO org.springframework.security.web.DefaultSecurityFilterChain [restartedMain] Will secure any request with [org.springframework.security.web.session.DisableEncodeUrlFilter@47995497, org.springframework.security.web.context.request.async.WebAsyncManagerIntegrationFilter@87b14f3c, org.springframework.security.web.context.SecurityContextHolderFilter@fed268db, org.springframework.security.web.header.HeaderWriterFilter@40cba612, org.springframework.web.filter.CorsFilter@e3da618b, org.springframework.security.web.authentication.logout.LogoutFilter@75634da5, org.springframework.security.web.authentication.www.BasicAuthenticationFilter@91e2842, org.springframework.security.web.savedrequest.RequestCacheAwareFilter@cec57ea2, org.springframework.security.web.servletapi.SecurityContextHolderAwareRequestFilter@8e025016, org.springframework.security.web.authentication.AnonymousAuthenticationFilter@902c5efe, org.springframework.security.web.access.ExceptionTranslationFilter@974b132a, org.springframework.security.web.access.intercept.FilterSecurityInterceptor@8561706c]
2024-04-18 02:56:06,811 INFO org.springframework.boot.devtools.autoconfigure.OptionalLiveReloadServer [restartedMain] LiveReload server is running on port 35729
2024-04-18 02:56:06,851 INFO org.springframework.boot.web.embedded.tomcat.TomcatWebServer [restartedMain] Tomcat started on port 8080 (http) with context path ''
2024-04-18 02:56:06,868 INFO com.tt.BtvnBuoi25Application [restartedMain] Started BtvnBuoi25Application in 4.165 seconds (process running for 5.406)
2024-04-18 02:56:48,624 INFO org.apache.catalina.core.ContainerBase.[Tomcat].[localhost].[/] [http-nio-8080-exec-1] Initializing Spring DispatcherServlet 'dispatcherServlet'
2024-04-18 02:56:48,625 INFO org.springframework.web.servlet.DispatcherServlet [http-nio-8080-exec-1] Initializing Servlet 'dispatcherServlet'
2024-04-18 02:56:48,627 INFO org.springframework.web.servlet.DispatcherServlet [http-nio-8080-exec-1] Completed initialization in 1 ms
2024-04-18 02:57:20,472 WARN org.springframework.web.servlet.mvc.support.DefaultHandlerExceptionResolver [http-nio-8080-exec-3] Resolved [org.springframework.web.HttpRequestMethodNotSupportedException: Request method 'GET' is not supported]
2024-04-18 02:57:26,669 WARN org.springframework.web.servlet.mvc.support.DefaultHandlerExceptionResolver [http-nio-8080-exec-5] Resolved [org.springframework.http.converter.HttpMessageNotReadableException: Required request body is missing: public org.springframework.http.ResponseEntity<?> com.tt.controller.ProductController.save(com.tt.req.ProductReq)]
2024-04-18 02:58:51,300 WARN org.springframework.web.servlet.mvc.support.DefaultHandlerExceptionResolver [http-nio-8080-exec-6] Resolved [org.springframework.http.converter.HttpMessageNotReadableException: JSON parse error: Unexpected character (''' (code 39)): was expecting double-quote to start field name]
2024-04-18 03:01:02,010 WARN org.springframework.web.servlet.mvc.support.DefaultHandlerExceptionResolver [http-nio-8080-exec-2] Resolved [org.springframework.web.bind.MissingServletRequestParameterException: Required request parameter 'id' for method parameter type Integer is not present]
2024-04-18 03:01:33,240 WARN org.springframework.web.servlet.mvc.support.DefaultHandlerExceptionResolver [http-nio-8080-exec-4] Resolved [org.springframework.web.bind.MissingServletRequestParameterException: Required request parameter 'id' for method parameter type Integer is not present]
2024-04-18 03:02:40,722 INFO org.springframework.orm.jpa.LocalContainerEntityManagerFactoryBean [SpringApplicationShutdownHook] Closing JPA EntityManagerFactory for persistence unit 'default'
2024-04-18 03:02:40,734 INFO com.zaxxer.hikari.HikariDataSource [SpringApplicationShutdownHook] HikariPool-1 - Shutdown initiated...
2024-04-18 03:02:40,734 INFO com.zaxxer.hikari.HikariDataSource [SpringApplicationShutdownHook] HikariPool-1 - Shutdown completed.
2024-04-18 03:02:45,215 INFO com.tt.BtvnBuoi25Application [restartedMain] Starting BtvnBuoi25Application using Java 17.0.9 with PID 9804 (D:\TB_36_37\btvn\btvn_buoi25\target\classes started by admin in D:\TB_36_37\btvn\btvn_buoi25)
2024-04-18 03:02:45,215 INFO com.tt.BtvnBuoi25Application [restartedMain] No active profile set, falling back to 1 default profile: "default"
2024-04-18 03:02:45,263 INFO org.springframework.boot.devtools.env.DevToolsPropertyDefaultsPostProcessor [restartedMain] Devtools property defaults active! Set 'spring.devtools.add-properties' to 'false' to disable
2024-04-18 03:02:45,263 INFO org.springframework.boot.devtools.env.DevToolsPropertyDefaultsPostProcessor [restartedMain] For additional web related logging consider setting the 'logging.level.web' property to 'DEBUG'
2024-04-18 03:02:45,849 INFO org.springframework.data.repository.config.RepositoryConfigurationDelegate [restartedMain] Bootstrapping Spring Data JPA repositories in DEFAULT mode.
2024-04-18 03:02:45,865 INFO org.springframework.data.repository.config.RepositoryConfigurationDelegate [restartedMain] Finished Spring Data repository scanning in 24 ms. Found 1 JPA repository interface.
2024-04-18 03:02:46,212 INFO org.springframework.boot.web.embedded.tomcat.TomcatWebServer [restartedMain] Tomcat initialized with port 8080 (http)
2024-04-18 03:02:46,228 INFO org.apache.catalina.core.StandardService [restartedMain] Starting service [Tomcat]
2024-04-18 03:02:46,228 INFO org.apache.catalina.core.StandardEngine [restartedMain] Starting Servlet engine: [Apache Tomcat/10.1.19]
2024-04-18 03:02:46,259 INFO org.apache.catalina.core.ContainerBase.[Tomcat].[localhost].[/] [restartedMain] Initializing Spring embedded WebApplicationContext
2024-04-18 03:02:46,259 INFO org.springframework.boot.web.servlet.context.ServletWebServerApplicationContext [restartedMain] Root WebApplicationContext: initialization completed in 996 ms
2024-04-18 03:02:46,370 INFO org.hibernate.jpa.internal.util.LogHelper [restartedMain] HHH000204: Processing PersistenceUnitInfo [name: default]
2024-04-18 03:02:46,386 INFO org.hibernate.Version [restartedMain] HHH000412: Hibernate ORM core version 6.4.4.Final
2024-04-18 03:02:46,417 INFO org.hibernate.cache.internal.RegionFactoryInitiator [restartedMain] HHH000026: Second-level cache disabled
2024-04-18 03:02:46,512 INFO org.springframework.orm.jpa.persistenceunit.SpringPersistenceUnitInfo [restartedMain] No LoadTimeWeaver setup: ignoring JPA class transformer
2024-04-18 03:02:46,527 INFO com.zaxxer.hikari.HikariDataSource [restartedMain] HikariPool-1 - Starting...
2024-04-18 03:02:46,607 INFO com.zaxxer.hikari.pool.HikariPool [restartedMain] HikariPool-1 - Added connection com.mysql.cj.jdbc.ConnectionImpl@831d7b04
2024-04-18 03:02:46,607 INFO com.zaxxer.hikari.HikariDataSource [restartedMain] HikariPool-1 - Start completed.
2024-04-18 03:02:46,623 WARN org.hibernate.dialect.Dialect [restartedMain] HHH000511: The 5.5.0 version for [org.hibernate.dialect.MySQLDialect] is no longer supported, hence certain features may not work properly. The minimum supported version is 8.0.0. Check the community dialects project for available legacy versions.
2024-04-18 03:02:46,969 INFO org.hibernate.engine.transaction.jta.platform.internal.JtaPlatformInitiator [restartedMain] HHH000489: No JTA platform available (set 'hibernate.transaction.jta.platform' to enable JTA platform integration)
2024-04-18 03:02:47,063 INFO org.springframework.orm.jpa.LocalContainerEntityManagerFactoryBean [restartedMain] Initialized JPA EntityManagerFactory for persistence unit 'default'
2024-04-18 03:02:47,503 WARN org.springframework.boot.autoconfigure.orm.jpa.JpaBaseConfiguration$JpaWebConfiguration [restartedMain] spring.jpa.open-in-view is enabled by default. Therefore, database queries may be performed during view rendering. Explicitly configure spring.jpa.open-in-view to disable this warning
2024-04-18 03:02:48,057 INFO org.springframework.security.web.DefaultSecurityFilterChain [restartedMain] Will secure any request with [org.springframework.security.web.session.DisableEncodeUrlFilter@cdd56a24, org.springframework.security.web.context.request.async.WebAsyncManagerIntegrationFilter@fdacd0aa, org.springframework.security.web.context.SecurityContextHolderFilter@73038134, org.springframework.security.web.header.HeaderWriterFilter@72ebb389, org.springframework.web.filter.CorsFilter@a0044a88, org.springframework.security.web.authentication.logout.LogoutFilter@21170789, org.springframework.security.web.authentication.www.BasicAuthenticationFilter@429db7db, org.springframework.security.web.savedrequest.RequestCacheAwareFilter@cab92b00, org.springframework.security.web.servletapi.SecurityContextHolderAwareRequestFilter@3e1bd53c, org.springframework.security.web.authentication.AnonymousAuthenticationFilter@5766cb5d, org.springframework.security.web.access.ExceptionTranslationFilter@d544ed20, org.springframework.security.web.access.intercept.FilterSecurityInterceptor@d666f2c1]
2024-04-18 03:02:48,230 INFO org.springframework.boot.devtools.autoconfigure.OptionalLiveReloadServer [restartedMain] LiveReload server is running on port 35729
2024-04-18 03:02:48,246 INFO org.springframework.boot.web.embedded.tomcat.TomcatWebServer [restartedMain] Tomcat started on port 8080 (http) with context path ''
2024-04-18 03:02:48,278 INFO com.tt.BtvnBuoi25Application [restartedMain] Started BtvnBuoi25Application in 3.505 seconds (process running for 4.138)
2024-04-18 03:02:53,159 INFO org.apache.catalina.core.ContainerBase.[Tomcat].[localhost].[/] [http-nio-8080-exec-1] Initializing Spring DispatcherServlet 'dispatcherServlet'
2024-04-18 03:02:53,159 INFO org.springframework.web.servlet.DispatcherServlet [http-nio-8080-exec-1] Initializing Servlet 'dispatcherServlet'
2024-04-18 03:02:53,159 INFO org.springframework.web.servlet.DispatcherServlet [http-nio-8080-exec-1] Completed initialization in 0 ms
2024-04-18 04:47:21,239 INFO org.springframework.orm.jpa.LocalContainerEntityManagerFactoryBean [SpringApplicationShutdownHook] Closing JPA EntityManagerFactory for persistence unit 'default'
2024-04-18 04:47:21,242 INFO com.zaxxer.hikari.HikariDataSource [SpringApplicationShutdownHook] HikariPool-1 - Shutdown initiated...
2024-04-18 04:47:21,253 INFO com.zaxxer.hikari.HikariDataSource [SpringApplicationShutdownHook] HikariPool-1 - Shutdown completed.
2024-04-18 14:35:19,983 INFO com.tt.BtvnBuoi25Application [restartedMain] Starting BtvnBuoi25Application using Java 17.0.9 with PID 24872 (D:\TB_36_37\btvn\btvn_buoi25\target\classes started by admin in D:\TB_36_37\btvn\btvn_buoi25)
2024-04-18 14:35:19,988 INFO com.tt.BtvnBuoi25Application [restartedMain] No active profile set, falling back to 1 default profile: "default"
2024-04-18 14:35:20,050 INFO org.springframework.boot.devtools.env.DevToolsPropertyDefaultsPostProcessor [restartedMain] Devtools property defaults active! Set 'spring.devtools.add-properties' to 'false' to disable
2024-04-18 14:35:20,050 INFO org.springframework.boot.devtools.env.DevToolsPropertyDefaultsPostProcessor [restartedMain] For additional web related logging consider setting the 'logging.level.web' property to 'DEBUG'
2024-04-18 14:35:20,898 INFO org.springframework.data.repository.config.RepositoryConfigurationDelegate [restartedMain] Bootstrapping Spring Data JPA repositories in DEFAULT mode.
2024-04-18 14:35:20,942 INFO org.springframework.data.repository.config.RepositoryConfigurationDelegate [restartedMain] Finished Spring Data repository scanning in 33 ms. Found 1 JPA repository interface.
2024-04-18 14:35:21,403 INFO org.springframework.boot.web.embedded.tomcat.TomcatWebServer [restartedMain] Tomcat initialized with port 8080 (http)
2024-04-18 14:35:21,408 INFO org.apache.catalina.core.StandardService [restartedMain] Starting service [Tomcat]
2024-04-18 14:35:21,408 INFO org.apache.catalina.core.StandardEngine [restartedMain] Starting Servlet engine: [Apache Tomcat/10.1.19]
2024-04-18 14:35:21,458 INFO org.apache.catalina.core.ContainerBase.[Tomcat].[localhost].[/] [restartedMain] Initializing Spring embedded WebApplicationContext
2024-04-18 14:35:21,458 INFO org.springframework.boot.web.servlet.context.ServletWebServerApplicationContext [restartedMain] Root WebApplicationContext: initialization completed in 1408 ms
2024-04-18 14:35:21,580 INFO org.hibernate.jpa.internal.util.LogHelper [restartedMain] HHH000204: Processing PersistenceUnitInfo [name: default]
2024-04-18 14:35:21,611 INFO org.hibernate.Version [restartedMain] HHH000412: Hibernate ORM core version 6.4.4.Final
2024-04-18 14:35:21,633 INFO org.hibernate.cache.internal.RegionFactoryInitiator [restartedMain] HHH000026: Second-level cache disabled
2024-04-18 14:35:21,763 INFO org.springframework.orm.jpa.persistenceunit.SpringPersistenceUnitInfo [restartedMain] No LoadTimeWeaver setup: ignoring JPA class transformer
2024-04-18 14:35:21,778 INFO com.zaxxer.hikari.HikariDataSource [restartedMain] HikariPool-1 - Starting...
2024-04-18 14:35:21,869 INFO com.zaxxer.hikari.pool.HikariPool [restartedMain] HikariPool-1 - Added connection com.mysql.cj.jdbc.ConnectionImpl@cfe1bfb8
2024-04-18 14:35:21,869 INFO com.zaxxer.hikari.HikariDataSource [restartedMain] HikariPool-1 - Start completed.
2024-04-18 14:35:21,899 WARN org.hibernate.dialect.Dialect [restartedMain] HHH000511: The 5.5.0 version for [org.hibernate.dialect.MySQLDialect] is no longer supported, hence certain features may not work properly. The minimum supported version is 8.0.0. Check the community dialects project for available legacy versions.
2024-04-18 14:35:22,455 INFO org.hibernate.engine.transaction.jta.platform.internal.JtaPlatformInitiator [restartedMain] HHH000489: No JTA platform available (set 'hibernate.transaction.jta.platform' to enable JTA platform integration)
2024-04-18 14:35:22,523 INFO org.springframework.orm.jpa.LocalContainerEntityManagerFactoryBean [restartedMain] Initialized JPA EntityManagerFactory for persistence unit 'default'
2024-04-18 14:35:23,038 WARN org.springframework.boot.autoconfigure.orm.jpa.JpaBaseConfiguration$JpaWebConfiguration [restartedMain] spring.jpa.open-in-view is enabled by default. Therefore, database queries may be performed during view rendering. Explicitly configure spring.jpa.open-in-view to disable this warning
2024-04-18 14:35:23,933 INFO org.springframework.security.web.DefaultSecurityFilterChain [restartedMain] Will secure any request with [org.springframework.security.web.session.DisableEncodeUrlFilter@c5f7460d, org.springframework.security.web.context.request.async.WebAsyncManagerIntegrationFilter@a4d98bc2, org.springframework.security.web.context.SecurityContextHolderFilter@6ca3e8dd, org.springframework.security.web.header.HeaderWriterFilter@112bbb06, org.springframework.web.filter.CorsFilter@f450e02f, org.springframework.security.web.authentication.logout.LogoutFilter@f4b8926b, org.springframework.security.web.authentication.www.BasicAuthenticationFilter@94ab4872, org.springframework.security.web.savedrequest.RequestCacheAwareFilter@757853ac, org.springframework.security.web.servletapi.SecurityContextHolderAwareRequestFilter@b562728, org.springframework.security.web.authentication.AnonymousAuthenticationFilter@3ebaeefd, org.springframework.security.web.access.ExceptionTranslationFilter@5be34c7b, org.springframework.security.web.access.intercept.FilterSecurityInterceptor@bff0090b]
2024-04-18 14:35:24,268 INFO org.springframework.boot.devtools.autoconfigure.OptionalLiveReloadServer [restartedMain] LiveReload server is running on port 35729
2024-04-18 14:35:24,358 INFO org.springframework.boot.web.embedded.tomcat.TomcatWebServer [restartedMain] Tomcat started on port 8080 (http) with context path ''
2024-04-18 14:35:24,382 INFO com.tt.BtvnBuoi25Application [restartedMain] Started BtvnBuoi25Application in 4.894 seconds (process running for 5.809)
2024-04-18 14:35:41,100 INFO org.apache.catalina.core.ContainerBase.[Tomcat].[localhost].[/] [http-nio-8080-exec-1] Initializing Spring DispatcherServlet 'dispatcherServlet'
2024-04-18 14:35:41,102 INFO org.springframework.web.servlet.DispatcherServlet [http-nio-8080-exec-1] Initializing Servlet 'dispatcherServlet'
2024-04-18 14:35:41,103 INFO org.springframework.web.servlet.DispatcherServlet [http-nio-8080-exec-1] Completed initialization in 0 ms
2024-04-18 14:35:41,505 WARN org.apache.catalina.util.SessionIdGeneratorBase [http-nio-8080-exec-1] Creation of SecureRandom instance for session ID generation using [SHA1PRNG] took [350] milliseconds.
2024-04-18 14:36:00,158 INFO org.springdoc.api.AbstractOpenApiResource [http-nio-8080-exec-2] Init duration for springdoc-openapi is: 375 ms
2024-04-18 14:39:51,621 INFO org.springframework.orm.jpa.LocalContainerEntityManagerFactoryBean [SpringApplicationShutdownHook] Closing JPA EntityManagerFactory for persistence unit 'default'
2024-04-18 14:39:51,626 INFO com.zaxxer.hikari.HikariDataSource [SpringApplicationShutdownHook] HikariPool-1 - Shutdown initiated...
2024-04-18 14:39:51,633 INFO com.zaxxer.hikari.HikariDataSource [SpringApplicationShutdownHook] HikariPool-1 - Shutdown completed.
2024-04-18 14:39:55,978 INFO com.tt.BtvnBuoi25Application [restartedMain] Starting BtvnBuoi25Application using Java 17.0.9 with PID 13276 (D:\TB_36_37\btvn\btvn_buoi25\target\classes started by admin in D:\TB_36_37\btvn\btvn_buoi25)
2024-04-18 14:39:55,982 INFO com.tt.BtvnBuoi25Application [restartedMain] No active profile set, falling back to 1 default profile: "default"
2024-04-18 14:39:56,046 INFO org.springframework.boot.devtools.env.DevToolsPropertyDefaultsPostProcessor [restartedMain] Devtools property defaults active! Set 'spring.devtools.add-properties' to 'false' to disable
2024-04-18 14:39:56,046 INFO org.springframework.boot.devtools.env.DevToolsPropertyDefaultsPostProcessor [restartedMain] For additional web related logging consider setting the 'logging.level.web' property to 'DEBUG'
2024-04-18 14:39:56,734 INFO org.springframework.data.repository.config.RepositoryConfigurationDelegate [restartedMain] Bootstrapping Spring Data JPA repositories in DEFAULT mode.
2024-04-18 14:39:56,772 INFO org.springframework.data.repository.config.RepositoryConfigurationDelegate [restartedMain] Finished Spring Data repository scanning in 29 ms. Found 1 JPA repository interface.
2024-04-18 14:39:57,208 INFO org.springframework.boot.web.embedded.tomcat.TomcatWebServer [restartedMain] Tomcat initialized with port 8080 (http)
2024-04-18 14:39:57,217 INFO org.apache.catalina.core.StandardService [restartedMain] Starting service [Tomcat]
2024-04-18 14:39:57,218 INFO org.apache.catalina.core.StandardEngine [restartedMain] Starting Servlet engine: [Apache Tomcat/10.1.19]
2024-04-18 14:39:57,259 INFO org.apache.catalina.core.ContainerBase.[Tomcat].[localhost].[/] [restartedMain] Initializing Spring embedded WebApplicationContext
2024-04-18 14:39:57,259 INFO org.springframework.boot.web.servlet.context.ServletWebServerApplicationContext [restartedMain] Root WebApplicationContext: initialization completed in 1212 ms
2024-04-18 14:39:57,382 INFO org.hibernate.jpa.internal.util.LogHelper [restartedMain] HHH000204: Processing PersistenceUnitInfo [name: default]
2024-04-18 14:39:57,413 INFO org.hibernate.Version [restartedMain] HHH000412: Hibernate ORM core version 6.4.4.Final
2024-04-18 14:39:57,439 INFO org.hibernate.cache.internal.RegionFactoryInitiator [restartedMain] HHH000026: Second-level cache disabled
2024-04-18 14:39:57,541 INFO org.springframework.orm.jpa.persistenceunit.SpringPersistenceUnitInfo [restartedMain] No LoadTimeWeaver setup: ignoring JPA class transformer
2024-04-18 14:39:57,557 INFO com.zaxxer.hikari.HikariDataSource [restartedMain] HikariPool-1 - Starting...
2024-04-18 14:39:57,656 INFO com.zaxxer.hikari.pool.HikariPool [restartedMain] HikariPool-1 - Added connection com.mysql.cj.jdbc.ConnectionImpl@51d00775
2024-04-18 14:39:57,658 INFO com.zaxxer.hikari.HikariDataSource [restartedMain] HikariPool-1 - Start completed.
2024-04-18 14:39:57,685 WARN org.hibernate.dialect.Dialect [restartedMain] HHH000511: The 5.5.0 version for [org.hibernate.dialect.MySQLDialect] is no longer supported, hence certain features may not work properly. The minimum supported version is 8.0.0. Check the community dialects project for available legacy versions.
2024-04-18 14:39:58,175 INFO org.hibernate.engine.transaction.jta.platform.internal.JtaPlatformInitiator [restartedMain] HHH000489: No JTA platform available (set 'hibernate.transaction.jta.platform' to enable JTA platform integration)
2024-04-18 14:39:58,241 INFO org.springframework.orm.jpa.LocalContainerEntityManagerFactoryBean [restartedMain] Initialized JPA EntityManagerFactory for persistence unit 'default'
2024-04-18 14:39:58,686 WARN org.springframework.boot.autoconfigure.orm.jpa.JpaBaseConfiguration$JpaWebConfiguration [restartedMain] spring.jpa.open-in-view is enabled by default. Therefore, database queries may be performed during view rendering. Explicitly configure spring.jpa.open-in-view to disable this warning
2024-04-18 14:39:59,434 INFO org.springframework.security.web.DefaultSecurityFilterChain [restartedMain] Will secure any request with [org.springframework.security.web.session.DisableEncodeUrlFilter@fbc46ff2, org.springframework.security.web.context.request.async.WebAsyncManagerIntegrationFilter@abc84f66, org.springframework.security.web.context.SecurityContextHolderFilter@287b3e3f, org.springframework.security.web.header.HeaderWriterFilter@998072c5, org.springframework.web.filter.CorsFilter@3cf1a09c, org.springframework.security.web.authentication.logout.LogoutFilter@b6d8b483, org.springframework.security.web.authentication.www.BasicAuthenticationFilter@a02db53e, org.springframework.security.web.savedrequest.RequestCacheAwareFilter@37c61e07, org.springframework.security.web.servletapi.SecurityContextHolderAwareRequestFilter@391ad6d2, org.springframework.security.web.authentication.AnonymousAuthenticationFilter@c9c3bedd, org.springframework.security.web.access.ExceptionTranslationFilter@614abecd, org.springframework.security.web.access.intercept.FilterSecurityInterceptor@34214d56]
2024-04-18 14:39:59,658 INFO org.springframework.boot.devtools.autoconfigure.OptionalLiveReloadServer [restartedMain] LiveReload server is running on port 35729
2024-04-18 14:39:59,711 INFO org.springframework.boot.web.embedded.tomcat.TomcatWebServer [restartedMain] Tomcat started on port 8080 (http) with context path ''
2024-04-18 14:39:59,730 INFO com.tt.BtvnBuoi25Application [restartedMain] Started BtvnBuoi25Application in 4.223 seconds (process running for 5.028)
2024-04-18 14:40:18,977 INFO org.apache.catalina.core.ContainerBase.[Tomcat].[localhost].[/] [http-nio-8080-exec-1] Initializing Spring DispatcherServlet 'dispatcherServlet'
2024-04-18 14:40:18,977 INFO org.springframework.web.servlet.DispatcherServlet [http-nio-8080-exec-1] Initializing Servlet 'dispatcherServlet'
2024-04-18 14:40:18,980 INFO org.springframework.web.servlet.DispatcherServlet [http-nio-8080-exec-1] Completed initialization in 2 ms
2024-04-18 14:42:02,234 INFO org.springframework.orm.jpa.LocalContainerEntityManagerFactoryBean [SpringApplicationShutdownHook] Closing JPA EntityManagerFactory for persistence unit 'default'
2024-04-18 14:42:02,238 INFO com.zaxxer.hikari.HikariDataSource [SpringApplicationShutdownHook] HikariPool-1 - Shutdown initiated...
2024-04-18 14:42:02,250 INFO com.zaxxer.hikari.HikariDataSource [SpringApplicationShutdownHook] HikariPool-1 - Shutdown completed.
2024-04-18 14:42:06,207 INFO com.tt.BtvnBuoi25Application [restartedMain] Starting BtvnBuoi25Application using Java 17.0.9 with PID 24408 (D:\TB_36_37\btvn\btvn_buoi25\target\classes started by admin in D:\TB_36_37\btvn\btvn_buoi25)
2024-04-18 14:42:06,207 INFO com.tt.BtvnBuoi25Application [restartedMain] No active profile set, falling back to 1 default profile: "default"
2024-04-18 14:42:06,258 INFO org.springframework.boot.devtools.env.DevToolsPropertyDefaultsPostProcessor [restartedMain] Devtools property defaults active! Set 'spring.devtools.add-properties' to 'false' to disable
2024-04-18 14:42:06,258 INFO org.springframework.boot.devtools.env.DevToolsPropertyDefaultsPostProcessor [restartedMain] For additional web related logging consider setting the 'logging.level.web' property to 'DEBUG'
2024-04-18 14:42:06,918 INFO org.springframework.data.repository.config.RepositoryConfigurationDelegate [restartedMain] Bootstrapping Spring Data JPA repositories in DEFAULT mode.
2024-04-18 14:42:06,949 INFO org.springframework.data.repository.config.RepositoryConfigurationDelegate [restartedMain] Finished Spring Data repository scanning in 28 ms. Found 1 JPA repository interface.
2024-04-18 14:42:07,348 INFO org.springframework.boot.web.embedded.tomcat.TomcatWebServer [restartedMain] Tomcat initialized with port 8080 (http)
2024-04-18 14:42:07,357 INFO org.apache.catalina.core.StandardService [restartedMain] Starting service [Tomcat]
2024-04-18 14:42:07,357 INFO org.apache.catalina.core.StandardEngine [restartedMain] Starting Servlet engine: [Apache Tomcat/10.1.19]
2024-04-18 14:42:07,418 INFO org.apache.catalina.core.ContainerBase.[Tomcat].[localhost].[/] [restartedMain] Initializing Spring embedded WebApplicationContext
2024-04-18 14:42:07,418 INFO org.springframework.boot.web.servlet.context.ServletWebServerApplicationContext [restartedMain] Root WebApplicationContext: initialization completed in 1160 ms
2024-04-18 14:42:07,548 INFO org.hibernate.jpa.internal.util.LogHelper [restartedMain] HHH000204: Processing PersistenceUnitInfo [name: default]
2024-04-18 14:42:07,583 INFO org.hibernate.Version [restartedMain] HHH000412: Hibernate ORM core version 6.4.4.Final
2024-04-18 14:42:07,608 INFO org.hibernate.cache.internal.RegionFactoryInitiator [restartedMain] HHH000026: Second-level cache disabled
2024-04-18 14:42:07,725 INFO org.springframework.orm.jpa.persistenceunit.SpringPersistenceUnitInfo [restartedMain] No LoadTimeWeaver setup: ignoring JPA class transformer
2024-04-18 14:42:07,738 INFO com.zaxxer.hikari.HikariDataSource [restartedMain] HikariPool-1 - Starting...
2024-04-18 14:42:07,820 INFO com.zaxxer.hikari.pool.HikariPool [restartedMain] HikariPool-1 - Added connection com.mysql.cj.jdbc.ConnectionImpl@6858d440
2024-04-18 14:42:07,820 INFO com.zaxxer.hikari.HikariDataSource [restartedMain] HikariPool-1 - Start completed.
2024-04-18 14:42:07,847 WARN org.hibernate.dialect.Dialect [restartedMain] HHH000511: The 5.5.0 version for [org.hibernate.dialect.MySQLDialect] is no longer supported, hence certain features may not work properly. The minimum supported version is 8.0.0. Check the community dialects project for available legacy versions.
2024-04-18 14:42:08,298 INFO org.hibernate.engine.transaction.jta.platform.internal.JtaPlatformInitiator [restartedMain] HHH000489: No JTA platform available (set 'hibernate.transaction.jta.platform' to enable JTA platform integration)
2024-04-18 14:42:08,369 INFO org.springframework.orm.jpa.LocalContainerEntityManagerFactoryBean [restartedMain] Initialized JPA EntityManagerFactory for persistence unit 'default'
2024-04-18 14:42:08,867 WARN org.springframework.boot.autoconfigure.orm.jpa.JpaBaseConfiguration$JpaWebConfiguration [restartedMain] spring.jpa.open-in-view is enabled by default. Therefore, database queries may be performed during view rendering. Explicitly configure spring.jpa.open-in-view to disable this warning
2024-04-18 14:42:09,557 INFO org.springframework.security.web.DefaultSecurityFilterChain [restartedMain] Will secure any request with [org.springframework.security.web.session.DisableEncodeUrlFilter@6ea91bd4, org.springframework.security.web.context.request.async.WebAsyncManagerIntegrationFilter@843a1b88, org.springframework.security.web.context.SecurityContextHolderFilter@d9d58024, org.springframework.security.web.header.HeaderWriterFilter@6d75bd3, org.springframework.web.filter.CorsFilter@94c95984, org.springframework.security.web.authentication.logout.LogoutFilter@9b1ebba2, org.springframework.security.web.authentication.www.BasicAuthenticationFilter@5dba24a7, org.springframework.security.web.savedrequest.RequestCacheAwareFilter@8e4b6945, org.springframework.security.web.servletapi.SecurityContextHolderAwareRequestFilter@3983dc85, org.springframework.security.web.authentication.AnonymousAuthenticationFilter@4409ce38, org.springframework.security.web.access.ExceptionTranslationFilter@988e9b42, org.springframework.security.web.access.intercept.FilterSecurityInterceptor@736e2871]
2024-04-18 14:42:09,778 INFO org.springframework.boot.devtools.autoconfigure.OptionalLiveReloadServer [restartedMain] LiveReload server is running on port 35729
2024-04-18 14:42:09,828 INFO org.springframework.boot.web.embedded.tomcat.TomcatWebServer [restartedMain] Tomcat started on port 8080 (http) with context path ''
2024-04-18 14:42:09,857 INFO com.tt.BtvnBuoi25Application [restartedMain] Started BtvnBuoi25Application in 4.11 seconds (process running for 4.815)
2024-04-18 14:42:40,243 INFO org.apache.catalina.core.ContainerBase.[Tomcat].[localhost].[/] [http-nio-8080-exec-1] Initializing Spring DispatcherServlet 'dispatcherServlet'
2024-04-18 14:42:40,243 INFO org.springframework.web.servlet.DispatcherServlet [http-nio-8080-exec-1] Initializing Servlet 'dispatcherServlet'
2024-04-18 14:42:40,243 INFO org.springframework.web.servlet.DispatcherServlet [http-nio-8080-exec-1] Completed initialization in 0 ms
2024-04-18 14:42:41,217 INFO org.springdoc.api.AbstractOpenApiResource [http-nio-8080-exec-9] Init duration for springdoc-openapi is: 163 ms
2024-04-18 14:46:51,057 INFO org.springframework.orm.jpa.LocalContainerEntityManagerFactoryBean [SpringApplicationShutdownHook] Closing JPA EntityManagerFactory for persistence unit 'default'
2024-04-18 14:46:51,068 INFO com.zaxxer.hikari.HikariDataSource [SpringApplicationShutdownHook] HikariPool-1 - Shutdown initiated...
2024-04-18 14:46:51,068 INFO com.zaxxer.hikari.HikariDataSource [SpringApplicationShutdownHook] HikariPool-1 - Shutdown completed.
2024-04-18 14:46:55,114 INFO com.tt.BtvnBuoi25Application [restartedMain] Starting BtvnBuoi25Application using Java 17.0.9 with PID 20864 (D:\TB_36_37\btvn\btvn_buoi25\target\classes started by admin in D:\TB_36_37\btvn\btvn_buoi25)
2024-04-18 14:46:55,116 INFO com.tt.BtvnBuoi25Application [restartedMain] No active profile set, falling back to 1 default profile: "default"
2024-04-18 14:46:55,162 INFO org.springframework.boot.devtools.env.DevToolsPropertyDefaultsPostProcessor [restartedMain] Devtools property defaults active! Set 'spring.devtools.add-properties' to 'false' to disable
2024-04-18 14:46:55,162 INFO org.springframework.boot.devtools.env.DevToolsPropertyDefaultsPostProcessor [restartedMain] For additional web related logging consider setting the 'logging.level.web' property to 'DEBUG'
2024-04-18 14:46:55,758 INFO org.springframework.data.repository.config.RepositoryConfigurationDelegate [restartedMain] Bootstrapping Spring Data JPA repositories in DEFAULT mode.
2024-04-18 14:46:55,797 INFO org.springframework.data.repository.config.RepositoryConfigurationDelegate [restartedMain] Finished Spring Data repository scanning in 27 ms. Found 1 JPA repository interface.
2024-04-18 14:46:56,210 INFO org.springframework.boot.web.embedded.tomcat.TomcatWebServer [restartedMain] Tomcat initialized with port 8080 (http)
2024-04-18 14:46:56,220 INFO org.apache.catalina.core.StandardService [restartedMain] Starting service [Tomcat]
2024-04-18 14:46:56,220 INFO org.apache.catalina.core.StandardEngine [restartedMain] Starting Servlet engine: [Apache Tomcat/10.1.19]
2024-04-18 14:46:56,257 INFO org.apache.catalina.core.ContainerBase.[Tomcat].[localhost].[/] [restartedMain] Initializing Spring embedded WebApplicationContext
2024-04-18 14:46:56,257 INFO org.springframework.boot.web.servlet.context.ServletWebServerApplicationContext [restartedMain] Root WebApplicationContext: initialization completed in 1095 ms
2024-04-18 14:46:56,387 INFO org.hibernate.jpa.internal.util.LogHelper [restartedMain] HHH000204: Processing PersistenceUnitInfo [name: default]
2024-04-18 14:46:56,422 INFO org.hibernate.Version [restartedMain] HHH000412: Hibernate ORM core version 6.4.4.Final
2024-04-18 14:46:56,448 INFO org.hibernate.cache.internal.RegionFactoryInitiator [restartedMain] HHH000026: Second-level cache disabled
2024-04-18 14:46:56,567 INFO org.springframework.orm.jpa.persistenceunit.SpringPersistenceUnitInfo [restartedMain] No LoadTimeWeaver setup: ignoring JPA class transformer
2024-04-18 14:46:56,579 INFO com.zaxxer.hikari.HikariDataSource [restartedMain] HikariPool-1 - Starting...
2024-04-18 14:46:56,668 INFO com.zaxxer.hikari.pool.HikariPool [restartedMain] HikariPool-1 - Added connection com.mysql.cj.jdbc.ConnectionImpl@f021efb1
2024-04-18 14:46:56,671 INFO com.zaxxer.hikari.HikariDataSource [restartedMain] HikariPool-1 - Start completed.
2024-04-18 14:46:56,687 WARN org.hibernate.dialect.Dialect [restartedMain] HHH000511: The 5.5.0 version for [org.hibernate.dialect.MySQLDialect] is no longer supported, hence certain features may not work properly. The minimum supported version is 8.0.0. Check the community dialects project for available legacy versions.
2024-04-18 14:46:57,133 INFO org.hibernate.engine.transaction.jta.platform.internal.JtaPlatformInitiator [restartedMain] HHH000489: No JTA platform available (set 'hibernate.transaction.jta.platform' to enable JTA platform integration)
2024-04-18 14:46:57,198 INFO org.springframework.orm.jpa.LocalContainerEntityManagerFactoryBean [restartedMain] Initialized JPA EntityManagerFactory for persistence unit 'default'
2024-04-18 14:46:57,647 WARN org.springframework.boot.autoconfigure.orm.jpa.JpaBaseConfiguration$JpaWebConfiguration [restartedMain] spring.jpa.open-in-view is enabled by default. Therefore, database queries may be performed during view rendering. Explicitly configure spring.jpa.open-in-view to disable this warning
2024-04-18 14:46:58,354 INFO org.springframework.security.web.DefaultSecurityFilterChain [restartedMain] Will secure any request with [org.springframework.security.web.session.DisableEncodeUrlFilter@5c9ce4c0, org.springframework.security.web.context.request.async.WebAsyncManagerIntegrationFilter@18f9e8d0, org.springframework.security.web.context.SecurityContextHolderFilter@884fa07c, org.springframework.security.web.header.HeaderWriterFilter@8f9802de, org.springframework.web.filter.CorsFilter@81e8ba2a, org.springframework.security.web.authentication.logout.LogoutFilter@68d16fae, org.springframework.security.web.authentication.www.BasicAuthenticationFilter@7a9c906, org.springframework.security.web.savedrequest.RequestCacheAwareFilter@32a1efb3, org.springframework.security.web.servletapi.SecurityContextHolderAwareRequestFilter@e001d306, org.springframework.security.web.authentication.AnonymousAuthenticationFilter@a632c4d6, org.springframework.security.web.access.ExceptionTranslationFilter@7b30d6d3, org.springframework.security.web.access.intercept.FilterSecurityInterceptor@79739a7f]
2024-04-18 14:46:58,552 INFO org.springframework.boot.devtools.autoconfigure.OptionalLiveReloadServer [restartedMain] LiveReload server is running on port 35729
2024-04-18 14:46:58,587 INFO org.springframework.boot.web.embedded.tomcat.TomcatWebServer [restartedMain] Tomcat started on port 8080 (http) with context path ''
2024-04-18 14:46:58,597 INFO com.tt.BtvnBuoi25Application [restartedMain] Started BtvnBuoi25Application in 3.944 seconds (process running for 4.66)
2024-04-18 14:47:08,084 INFO org.apache.catalina.core.ContainerBase.[Tomcat].[localhost].[/] [http-nio-8080-exec-1] Initializing Spring DispatcherServlet 'dispatcherServlet'
2024-04-18 14:47:08,085 INFO org.springframework.web.servlet.DispatcherServlet [http-nio-8080-exec-1] Initializing Servlet 'dispatcherServlet'
2024-04-18 14:47:08,086 INFO org.springframework.web.servlet.DispatcherServlet [http-nio-8080-exec-1] Completed initialization in 1 ms
2024-04-18 14:47:08,555 ERROR com.tt.controller.ProductController [http-nio-8080-exec-1] 
 Khong tim thay id : 10
2024-04-18 14:48:50,589 INFO org.springframework.orm.jpa.LocalContainerEntityManagerFactoryBean [SpringApplicationShutdownHook] Closing JPA EntityManagerFactory for persistence unit 'default'
2024-04-18 14:48:50,604 INFO com.zaxxer.hikari.HikariDataSource [SpringApplicationShutdownHook] HikariPool-1 - Shutdown initiated...
2024-04-18 14:48:50,607 INFO com.zaxxer.hikari.HikariDataSource [SpringApplicationShutdownHook] HikariPool-1 - Shutdown completed.
